log messages to file: C:\DT\natlinkDoug\pythonsrc\tests\testresult.txt
starting unittestNatlink

starting tests with threading: 0

testDictObj
test recognitionMimicCommands, version: 15
testTrayIcon

--------------- errors -----------------

---------- testDictObj (__main__.UnittestNatlink) --------
Traceback (most recent call last):
  File "<string>", line 191, in tearDown
  File "<string>", line 386, in killCalc
TestError: in killCalc, could not get back to Calc window

---------- testTrayIcon (__main__.UnittestNatlink) --------
Traceback (most recent call last):
  File "<string>", line 2850, in testTrayIcon
natlink.ValueError: Icon file right could not be loaded

--------------- failures -----------------

---------- testRecognitionMimicCommands (__main__.UnittestNatlink) --------
Traceback (most recent call last):
  File "<string>", line 1139, in testRecognitionMimicCommands
  File "<string>", line 1629, in doTestCommandRecognition
AssertionError: recognition mimic succeeded, but got wrong recogType from testGram 'other', words: ['mimic', 'two', 'green'] (expected 'self'
